2025-09-25 10:55:25,959 [WARNING] [src.config] - No OWL files found in C:\Users\snehi\OneDrive\Desktop\UQ Semester 4\DATA7902\code\data
2025-09-25 10:55:25,959 [INFO] [src.config] - Config loaded: OWL_FILE = None, found 0 OWL files
2025-09-25 10:55:26,007 [WARNING] [config] - No OWL files found in C:\Users\snehi\OneDrive\Desktop\UQ Semester 4\DATA7902\code\data
2025-09-25 10:55:26,007 [INFO] [config] - Config loaded: OWL_FILE = None, found 0 OWL files
2025-09-25 10:59:46,228 [WARNING] [src.config] - No OWL files found in C:\Users\snehi\OneDrive\Desktop\UQ Semester 4\DATA7902\code\data
2025-09-25 10:59:46,228 [INFO] [src.config] - Config loaded: OWL_FILE = None, found 0 OWL files
2025-09-25 10:59:46,285 [WARNING] [config] - No OWL files found in C:\Users\snehi\OneDrive\Desktop\UQ Semester 4\DATA7902\code\data
2025-09-25 10:59:46,285 [INFO] [config] - Config loaded: OWL_FILE = None, found 0 OWL files
2025-09-25 11:00:48,405 [WARNING] [src.config] - No OWL files found in C:\Users\snehi\OneDrive\Desktop\UQ Semester 4\DATA7902\code\data
2025-09-25 11:00:48,419 [INFO] [src.config] - Config loaded: OWL_FILE = None, found 0 OWL files
2025-09-25 11:00:48,458 [WARNING] [config] - No OWL files found in C:\Users\snehi\OneDrive\Desktop\UQ Semester 4\DATA7902\code\data
2025-09-25 11:00:48,458 [INFO] [config] - Config loaded: OWL_FILE = None, found 0 OWL files
2025-09-25 11:06:01,541 [WARNING] [src.config] - No OWL files found in C:\Users\snehi\OneDrive\Desktop\UQ Semester 4\DATA7902\code\data
2025-09-25 11:06:01,541 [INFO] [src.config] - Config loaded: OWL_FILE = None, found 0 OWL files
2025-09-25 11:06:01,541 [WARNING] [config] - No OWL files found in C:\Users\snehi\OneDrive\Desktop\UQ Semester 4\DATA7902\code\data
2025-09-25 11:06:01,541 [INFO] [config] - Config loaded: OWL_FILE = None, found 0 OWL files
2025-09-25 11:12:42,000 [WARNING] [src.config] - No OWL files found in C:\Users\snehi\OneDrive\Desktop\UQ Semester 4\DATA7902\code\data
2025-09-25 11:12:42,014 [INFO] [src.config] - Config loaded: OWL_FILE = None, found 0 OWL files
2025-09-25 11:12:42,015 [WARNING] [config] - No OWL files found in C:\Users\snehi\OneDrive\Desktop\UQ Semester 4\DATA7902\code\data
2025-09-25 11:12:42,015 [INFO] [config] - Config loaded: OWL_FILE = None, found 0 OWL files
2025-09-25 11:13:14,082 [WARNING] [src.config] - No OWL files found in C:\Users\snehi\OneDrive\Desktop\UQ Semester 4\DATA7902\code\data
2025-09-25 11:13:14,082 [INFO] [src.config] - Config loaded: OWL_FILE = None, found 0 OWL files
2025-09-25 11:13:14,098 [WARNING] [config] - No OWL files found in C:\Users\snehi\OneDrive\Desktop\UQ Semester 4\DATA7902\code\data
2025-09-25 11:13:14,098 [INFO] [config] - Config loaded: OWL_FILE = None, found 0 OWL files
2025-09-25 11:24:52,399 [WARNING] [src.config] - No OWL files found in C:\Users\snehi\OneDrive\Desktop\UQ Semester 4\DATA7902\code\data
2025-09-25 11:24:52,399 [INFO] [src.config] - Config loaded: OWL_FILE = None, found 0 OWL files
2025-09-25 11:30:12,234 [WARNING] [src.config] - No OWL files found in C:\Users\snehi\OneDrive\Desktop\UQ Semester 4\DATA7902\code\data
2025-09-25 11:30:12,234 [INFO] [src.config] - Config loaded: OWL_FILE = None, found 0 OWL files
2025-09-25 11:42:40,349 [WARNING] [src.config] - No OWL files found in C:\Users\snehi\OneDrive\Desktop\UQ Semester 4\DATA7902\code\data
2025-09-25 11:42:40,350 [INFO] [src.config] - Config loaded: OWL_FILE = None, found 0 OWL files
2025-09-25 11:43:53,239 [WARNING] [src.config] - No OWL files found in C:\Users\snehi\OneDrive\Desktop\UQ Semester 4\DATA7902\code\data
2025-09-25 11:43:53,239 [INFO] [src.config] - Config loaded: OWL_FILE = None, found 0 OWL files
2025-09-25 11:44:15,855 [WARNING] [src.config] - No OWL files found in C:\Users\snehi\OneDrive\Desktop\UQ Semester 4\DATA7902\code\data
2025-09-25 11:44:15,855 [INFO] [src.config] - Config loaded: OWL_FILE = None, found 0 OWL files
2025-09-25 11:45:03,236 [WARNING] [src.config] - No OWL files found in C:\Users\snehi\OneDrive\Desktop\UQ Semester 4\DATA7902\code\data
2025-09-25 11:45:03,236 [INFO] [src.config] - Config loaded: OWL_FILE = None, found 0 OWL files
2025-09-25 11:46:45,034 [WARNING] [src.config] - No OWL files found in C:\Users\snehi\OneDrive\Desktop\UQ Semester 4\DATA7902\code\data
2025-09-25 11:46:45,034 [INFO] [src.config] - Config loaded: OWL_FILE = None, found 0 OWL files
2025-09-25 11:48:09,407 [WARNING] [src.config] - No OWL files found in C:\Users\snehi\OneDrive\Desktop\UQ Semester 4\DATA7902\code\data
2025-09-25 11:48:09,407 [INFO] [src.config] - Config loaded: OWL_FILE = None, found 0 OWL files
2025-09-25 11:55:03,442 [WARNING] [src.config] - No OWL files found in C:\Users\snehi\OneDrive\Desktop\UQ Semester 4\DATA7902\code\data
2025-09-25 11:55:03,442 [INFO] [src.config] - Config loaded: OWL_FILE = None, found 0 OWL files
2025-09-25 11:56:18,871 [WARNING] [src.config] - No OWL files found in C:\Users\snehi\OneDrive\Desktop\UQ Semester 4\DATA7902\code\data
2025-09-25 11:56:18,871 [INFO] [src.config] - Config loaded: OWL_FILE = None, found 0 OWL files
2025-09-25 11:56:19,806 [INFO] [src.data_loader] - Loading Markdown files from: C:\Users\snehi\OneDrive\Desktop\UQ Semester 4\DATA7902\code\data
2025-09-25 11:56:19,806 [INFO] [src.data_loader] - Available Markdown files: [WindowsPath('C:/Users/snehi/OneDrive/Desktop/UQ Semester 4/DATA7902/code/data/raw_markdown/.sample_component.md'), WindowsPath('C:/Users/snehi/OneDrive/Desktop/UQ Semester 4/DATA7902/code/data/raw_markdown/1859360.md'), WindowsPath('C:/Users/snehi/OneDrive/Desktop/UQ Semester 4/DATA7902/code/data/raw_markdown/1N4001.md'), WindowsPath('C:/Users/snehi/OneDrive/Desktop/UQ Semester 4/DATA7902/code/data/raw_markdown/1N4148.md'), WindowsPath('C:/Users/snehi/OneDrive/Desktop/UQ Semester 4/DATA7902/code/data/raw_markdown/2132444.md'), WindowsPath('C:/Users/snehi/OneDrive/Desktop/UQ Semester 4/DATA7902/code/data/raw_markdown/2450AT18A100.md'), WindowsPath('C:/Users/snehi/OneDrive/Desktop/UQ Semester 4/DATA7902/code/data/raw_markdown/2450AT43B100.md'), WindowsPath('C:/Users/snehi/OneDrive/Desktop/UQ Semester 4/DATA7902/code/data/raw_markdown/BLM18A.md'), WindowsPath('C:/Users/snehi/OneDrive/Desktop/UQ Semester 4/DATA7902/code/data/raw_markdown/BPW34 (1).md'), WindowsPath('C:/Users/snehi/OneDrive/Desktop/UQ Semester 4/DATA7902/code/data/raw_markdown/BPW34.md'), WindowsPath('C:/Users/snehi/OneDrive/Desktop/UQ Semester 4/DATA7902/code/data/raw_markdown/capacitor_100uf.md'), WindowsPath('C:/Users/snehi/OneDrive/Desktop/UQ Semester 4/DATA7902/code/data/raw_markdown/Capacitor_Applications.md'), WindowsPath('C:/Users/snehi/OneDrive/Desktop/UQ Semester 4/DATA7902/code/data/raw_markdown/Circuit_Design.md'), WindowsPath('C:/Users/snehi/OneDrive/Desktop/UQ Semester 4/DATA7902/code/data/raw_markdown/Connector_Types.md'), WindowsPath('C:/Users/snehi/OneDrive/Desktop/UQ Semester 4/DATA7902/code/data/raw_markdown/CRCW040216K2FKED.md'), WindowsPath('C:/Users/snehi/OneDrive/Desktop/UQ Semester 4/DATA7902/code/data/raw_markdown/diode_1n4148.md'), WindowsPath('C:/Users/snehi/OneDrive/Desktop/UQ Semester 4/DATA7902/code/data/raw_markdown/DS18B20.md'), WindowsPath('C:/Users/snehi/OneDrive/Desktop/UQ Semester 4/DATA7902/code/data/raw_markdown/FXUB66.01.0150C.md'), WindowsPath('C:/Users/snehi/OneDrive/Desktop/UQ Semester 4/DATA7902/code/data/raw_markdown/GRM188R71E105KA12D.md'), WindowsPath('C:/Users/snehi/OneDrive/Desktop/UQ Semester 4/DATA7902/code/data/raw_markdown/ic_opamp.md'), WindowsPath('C:/Users/snehi/OneDrive/Desktop/UQ Semester 4/DATA7902/code/data/raw_markdown/Inductor Design.md'), WindowsPath('C:/Users/snehi/OneDrive/Desktop/UQ Semester 4/DATA7902/code/data/raw_markdown/inductor_5mh.md'), WindowsPath('C:/Users/snehi/OneDrive/Desktop/UQ Semester 4/DATA7902/code/data/raw_markdown/IRLZ44N.md'), WindowsPath('C:/Users/snehi/OneDrive/Desktop/UQ Semester 4/DATA7902/code/data/raw_markdown/L-53SG.md'), WindowsPath('C:/Users/snehi/OneDrive/Desktop/UQ Semester 4/DATA7902/code/data/raw_markdown/led_5mm.md'), WindowsPath('C:/Users/snehi/OneDrive/Desktop/UQ Semester 4/DATA7902/code/data/raw_markdown/LM158 (1).md'), WindowsPath('C:/Users/snehi/OneDrive/Desktop/UQ Semester 4/DATA7902/code/data/raw_markdown/LM158.md'), WindowsPath('C:/Users/snehi/OneDrive/Desktop/UQ Semester 4/DATA7902/code/data/raw_markdown/LM317-TI.md'), WindowsPath('C:/Users/snehi/OneDrive/Desktop/UQ Semester 4/DATA7902/code/data/raw_markdown/LM340.md'), WindowsPath('C:/Users/snehi/OneDrive/Desktop/UQ Semester 4/DATA7902/code/data/raw_markdown/LM35.md'), WindowsPath('C:/Users/snehi/OneDrive/Desktop/UQ Semester 4/DATA7902/code/data/raw_markdown/MCHPS05594-1.md'), WindowsPath('C:/Users/snehi/OneDrive/Desktop/UQ Semester 4/DATA7902/code/data/raw_markdown/MF-R.md'), WindowsPath('C:/Users/snehi/OneDrive/Desktop/UQ Semester 4/DATA7902/code/data/raw_markdown/Motor_Control.md'), WindowsPath('C:/Users/snehi/OneDrive/Desktop/UQ Semester 4/DATA7902/code/data/raw_markdown/NA555.md'), WindowsPath('C:/Users/snehi/OneDrive/Desktop/UQ Semester 4/DATA7902/code/data/raw_markdown/NTCG104QH224HT1 (1).md'), WindowsPath('C:/Users/snehi/OneDrive/Desktop/UQ Semester 4/DATA7902/code/data/raw_markdown/NTCG104QH224HT1.md'), WindowsPath('C:/Users/snehi/OneDrive/Desktop/UQ Semester 4/DATA7902/code/data/raw_markdown/PC817 (1).md'), WindowsPath('C:/Users/snehi/OneDrive/Desktop/UQ Semester 4/DATA7902/code/data/raw_markdown/PC817.md'), WindowsPath('C:/Users/snehi/OneDrive/Desktop/UQ Semester 4/DATA7902/code/data/raw_markdown/Power Supply Guide.md'), WindowsPath('C:/Users/snehi/OneDrive/Desktop/UQ Semester 4/DATA7902/code/data/raw_markdown/relay_24v.md'), WindowsPath('C:/Users/snehi/OneDrive/Desktop/UQ Semester 4/DATA7902/code/data/raw_markdown/Relay_Systems.md'), WindowsPath('C:/Users/snehi/OneDrive/Desktop/UQ Semester 4/DATA7902/code/data/raw_markdown/resistor_10kohm.md'), WindowsPath('C:/Users/snehi/OneDrive/Desktop/UQ Semester 4/DATA7902/code/data/raw_markdown/sensor_hall.md'), WindowsPath('C:/Users/snehi/OneDrive/Desktop/UQ Semester 4/DATA7902/code/data/raw_markdown/sensor_integration.md'), WindowsPath('C:/Users/snehi/OneDrive/Desktop/UQ Semester 4/DATA7902/code/data/raw_markdown/SFH4550 (1).md'), WindowsPath('C:/Users/snehi/OneDrive/Desktop/UQ Semester 4/DATA7902/code/data/raw_markdown/SFH4550.md'), WindowsPath('C:/Users/snehi/OneDrive/Desktop/UQ Semester 4/DATA7902/code/data/raw_markdown/SN54HC595.md'), WindowsPath('C:/Users/snehi/OneDrive/Desktop/UQ Semester 4/DATA7902/code/data/raw_markdown/SRN4018.md'), WindowsPath('C:/Users/snehi/OneDrive/Desktop/UQ Semester 4/DATA7902/code/data/raw_markdown/switch_spst.md'), WindowsPath('C:/Users/snehi/OneDrive/Desktop/UQ Semester 4/DATA7902/code/data/raw_markdown/TL071 (1).md'), WindowsPath('C:/Users/snehi/OneDrive/Desktop/UQ Semester 4/DATA7902/code/data/raw_markdown/TL071.md'), WindowsPath('C:/Users/snehi/OneDrive/Desktop/UQ Semester 4/DATA7902/code/data/raw_markdown/TL431.md'), WindowsPath('C:/Users/snehi/OneDrive/Desktop/UQ Semester 4/DATA7902/code/data/raw_markdown/Transformer_Specifications.md'), WindowsPath('C:/Users/snehi/OneDrive/Desktop/UQ Semester 4/DATA7902/code/data/raw_markdown/transistor_npn.md'), WindowsPath('C:/Users/snehi/OneDrive/Desktop/UQ Semester 4/DATA7902/code/data/raw_markdown/TSOP38230.md'), WindowsPath('C:/Users/snehi/OneDrive/Desktop/UQ Semester 4/DATA7902/code/data/raw_markdown/voltage_regulation.md')]
2025-09-25 11:56:23,195 [INFO] [src.data_loader] - Loaded 1 documents from C:\Users\snehi\OneDrive\Desktop\UQ Semester 4\DATA7902\code\data\raw_markdown\.sample_component.md
2025-09-25 11:56:23,195 [INFO] [src.data_loader] - Split into 2 chunks for C:\Users\snehi\OneDrive\Desktop\UQ Semester 4\DATA7902\code\data\raw_markdown\.sample_component.md
2025-09-25 11:56:23,640 [INFO] [src.data_loader] - Loaded 1 documents from C:\Users\snehi\OneDrive\Desktop\UQ Semester 4\DATA7902\code\data\raw_markdown\1859360.md
2025-09-25 11:56:23,656 [INFO] [src.data_loader] - Split into 186 chunks for C:\Users\snehi\OneDrive\Desktop\UQ Semester 4\DATA7902\code\data\raw_markdown\1859360.md
2025-09-25 11:56:23,688 [INFO] [src.data_loader] - Loaded 1 documents from C:\Users\snehi\OneDrive\Desktop\UQ Semester 4\DATA7902\code\data\raw_markdown\1N4001.md
2025-09-25 11:56:23,688 [INFO] [src.data_loader] - Split into 8 chunks for C:\Users\snehi\OneDrive\Desktop\UQ Semester 4\DATA7902\code\data\raw_markdown\1N4001.md
2025-09-25 11:56:23,720 [INFO] [src.data_loader] - Loaded 1 documents from C:\Users\snehi\OneDrive\Desktop\UQ Semester 4\DATA7902\code\data\raw_markdown\1N4148.md
2025-09-25 11:56:23,720 [INFO] [src.data_loader] - Split into 5 chunks for C:\Users\snehi\OneDrive\Desktop\UQ Semester 4\DATA7902\code\data\raw_markdown\1N4148.md
2025-09-25 11:56:23,751 [INFO] [src.data_loader] - Loaded 1 documents from C:\Users\snehi\OneDrive\Desktop\UQ Semester 4\DATA7902\code\data\raw_markdown\2132444.md
2025-09-25 11:56:23,751 [INFO] [src.data_loader] - Split into 3 chunks for C:\Users\snehi\OneDrive\Desktop\UQ Semester 4\DATA7902\code\data\raw_markdown\2132444.md
2025-09-25 11:56:23,783 [INFO] [src.data_loader] - Loaded 1 documents from C:\Users\snehi\OneDrive\Desktop\UQ Semester 4\DATA7902\code\data\raw_markdown\2450AT18A100.md
2025-09-25 11:56:23,783 [INFO] [src.data_loader] - Split into 3 chunks for C:\Users\snehi\OneDrive\Desktop\UQ Semester 4\DATA7902\code\data\raw_markdown\2450AT18A100.md
2025-09-25 11:56:23,831 [INFO] [src.data_loader] - Loaded 1 documents from C:\Users\snehi\OneDrive\Desktop\UQ Semester 4\DATA7902\code\data\raw_markdown\2450AT43B100.md
2025-09-25 11:56:23,831 [INFO] [src.data_loader] - Split into 3 chunks for C:\Users\snehi\OneDrive\Desktop\UQ Semester 4\DATA7902\code\data\raw_markdown\2450AT43B100.md
2025-09-25 11:56:23,847 [INFO] [src.data_loader] - Loaded 1 documents from C:\Users\snehi\OneDrive\Desktop\UQ Semester 4\DATA7902\code\data\raw_markdown\BLM18A.md
2025-09-25 11:56:23,847 [INFO] [src.data_loader] - Split into 4 chunks for C:\Users\snehi\OneDrive\Desktop\UQ Semester 4\DATA7902\code\data\raw_markdown\BLM18A.md
2025-09-25 11:56:23,911 [INFO] [src.data_loader] - Loaded 1 documents from C:\Users\snehi\OneDrive\Desktop\UQ Semester 4\DATA7902\code\data\raw_markdown\BPW34 (1).md
2025-09-25 11:56:23,911 [INFO] [src.data_loader] - Split into 4 chunks for C:\Users\snehi\OneDrive\Desktop\UQ Semester 4\DATA7902\code\data\raw_markdown\BPW34 (1).md
2025-09-25 11:56:24,085 [INFO] [src.data_loader] - Loaded 1 documents from C:\Users\snehi\OneDrive\Desktop\UQ Semester 4\DATA7902\code\data\raw_markdown\BPW34.md
2025-09-25 11:56:24,085 [INFO] [src.data_loader] - Split into 7 chunks for C:\Users\snehi\OneDrive\Desktop\UQ Semester 4\DATA7902\code\data\raw_markdown\BPW34.md
2025-09-25 11:56:24,117 [INFO] [src.data_loader] - Loaded 1 documents from C:\Users\snehi\OneDrive\Desktop\UQ Semester 4\DATA7902\code\data\raw_markdown\capacitor_100uf.md
2025-09-25 11:56:24,117 [INFO] [src.data_loader] - Split into 1 chunks for C:\Users\snehi\OneDrive\Desktop\UQ Semester 4\DATA7902\code\data\raw_markdown\capacitor_100uf.md
2025-09-25 11:56:24,133 [INFO] [src.data_loader] - Loaded 1 documents from C:\Users\snehi\OneDrive\Desktop\UQ Semester 4\DATA7902\code\data\raw_markdown\Capacitor_Applications.md
2025-09-25 11:56:24,133 [INFO] [src.data_loader] - Split into 1 chunks for C:\Users\snehi\OneDrive\Desktop\UQ Semester 4\DATA7902\code\data\raw_markdown\Capacitor_Applications.md
2025-09-25 11:56:24,149 [INFO] [src.data_loader] - Loaded 1 documents from C:\Users\snehi\OneDrive\Desktop\UQ Semester 4\DATA7902\code\data\raw_markdown\Circuit_Design.md
2025-09-25 11:56:24,149 [INFO] [src.data_loader] - Split into 1 chunks for C:\Users\snehi\OneDrive\Desktop\UQ Semester 4\DATA7902\code\data\raw_markdown\Circuit_Design.md
2025-09-25 11:56:24,165 [INFO] [src.data_loader] - Loaded 1 documents from C:\Users\snehi\OneDrive\Desktop\UQ Semester 4\DATA7902\code\data\raw_markdown\Connector_Types.md
2025-09-25 11:56:24,165 [INFO] [src.data_loader] - Split into 1 chunks for C:\Users\snehi\OneDrive\Desktop\UQ Semester 4\DATA7902\code\data\raw_markdown\Connector_Types.md
2025-09-25 11:56:24,228 [INFO] [src.data_loader] - Loaded 1 documents from C:\Users\snehi\OneDrive\Desktop\UQ Semester 4\DATA7902\code\data\raw_markdown\CRCW040216K2FKED.md
2025-09-25 11:56:24,228 [INFO] [src.data_loader] - Split into 20 chunks for C:\Users\snehi\OneDrive\Desktop\UQ Semester 4\DATA7902\code\data\raw_markdown\CRCW040216K2FKED.md
2025-09-25 11:56:24,244 [INFO] [src.data_loader] - Loaded 1 documents from C:\Users\snehi\OneDrive\Desktop\UQ Semester 4\DATA7902\code\data\raw_markdown\diode_1n4148.md
2025-09-25 11:56:24,244 [INFO] [src.data_loader] - Split into 1 chunks for C:\Users\snehi\OneDrive\Desktop\UQ Semester 4\DATA7902\code\data\raw_markdown\diode_1n4148.md
2025-09-25 11:56:24,323 [INFO] [src.data_loader] - Loaded 1 documents from C:\Users\snehi\OneDrive\Desktop\UQ Semester 4\DATA7902\code\data\raw_markdown\DS18B20.md
2025-09-25 11:56:24,323 [INFO] [src.data_loader] - Split into 49 chunks for C:\Users\snehi\OneDrive\Desktop\UQ Semester 4\DATA7902\code\data\raw_markdown\DS18B20.md
2025-09-25 11:56:24,371 [INFO] [src.data_loader] - Loaded 1 documents from C:\Users\snehi\OneDrive\Desktop\UQ Semester 4\DATA7902\code\data\raw_markdown\FXUB66.01.0150C.md
2025-09-25 11:56:24,371 [INFO] [src.data_loader] - Split into 7 chunks for C:\Users\snehi\OneDrive\Desktop\UQ Semester 4\DATA7902\code\data\raw_markdown\FXUB66.01.0150C.md
2025-09-25 11:56:24,451 [INFO] [src.data_loader] - Loaded 1 documents from C:\Users\snehi\OneDrive\Desktop\UQ Semester 4\DATA7902\code\data\raw_markdown\GRM188R71E105KA12D.md
2025-09-25 11:56:24,451 [INFO] [src.data_loader] - Split into 24 chunks for C:\Users\snehi\OneDrive\Desktop\UQ Semester 4\DATA7902\code\data\raw_markdown\GRM188R71E105KA12D.md
2025-09-25 11:56:24,467 [INFO] [src.data_loader] - Loaded 1 documents from C:\Users\snehi\OneDrive\Desktop\UQ Semester 4\DATA7902\code\data\raw_markdown\ic_opamp.md
2025-09-25 11:56:24,467 [INFO] [src.data_loader] - Split into 1 chunks for C:\Users\snehi\OneDrive\Desktop\UQ Semester 4\DATA7902\code\data\raw_markdown\ic_opamp.md
2025-09-25 11:56:24,482 [INFO] [src.data_loader] - Loaded 1 documents from C:\Users\snehi\OneDrive\Desktop\UQ Semester 4\DATA7902\code\data\raw_markdown\Inductor Design.md
2025-09-25 11:56:24,482 [INFO] [src.data_loader] - Split into 1 chunks for C:\Users\snehi\OneDrive\Desktop\UQ Semester 4\DATA7902\code\data\raw_markdown\Inductor Design.md
2025-09-25 11:56:24,499 [INFO] [src.data_loader] - Loaded 1 documents from C:\Users\snehi\OneDrive\Desktop\UQ Semester 4\DATA7902\code\data\raw_markdown\inductor_5mh.md
2025-09-25 11:56:24,499 [INFO] [src.data_loader] - Split into 1 chunks for C:\Users\snehi\OneDrive\Desktop\UQ Semester 4\DATA7902\code\data\raw_markdown\inductor_5mh.md
2025-09-25 11:56:24,546 [INFO] [src.data_loader] - Loaded 1 documents from C:\Users\snehi\OneDrive\Desktop\UQ Semester 4\DATA7902\code\data\raw_markdown\IRLZ44N.md
2025-09-25 11:56:24,546 [INFO] [src.data_loader] - Split into 9 chunks for C:\Users\snehi\OneDrive\Desktop\UQ Semester 4\DATA7902\code\data\raw_markdown\IRLZ44N.md
2025-09-25 11:56:24,594 [INFO] [src.data_loader] - Loaded 1 documents from C:\Users\snehi\OneDrive\Desktop\UQ Semester 4\DATA7902\code\data\raw_markdown\L-53SG.md
2025-09-25 11:56:24,594 [INFO] [src.data_loader] - Split into 3 chunks for C:\Users\snehi\OneDrive\Desktop\UQ Semester 4\DATA7902\code\data\raw_markdown\L-53SG.md
2025-09-25 11:56:24,610 [INFO] [src.data_loader] - Loaded 1 documents from C:\Users\snehi\OneDrive\Desktop\UQ Semester 4\DATA7902\code\data\raw_markdown\led_5mm.md
2025-09-25 11:56:24,610 [INFO] [src.data_loader] - Split into 1 chunks for C:\Users\snehi\OneDrive\Desktop\UQ Semester 4\DATA7902\code\data\raw_markdown\led_5mm.md
2025-09-25 11:56:24,786 [INFO] [src.data_loader] - Loaded 1 documents from C:\Users\snehi\OneDrive\Desktop\UQ Semester 4\DATA7902\code\data\raw_markdown\LM158 (1).md
2025-09-25 11:56:24,802 [INFO] [src.data_loader] - Split into 102 chunks for C:\Users\snehi\OneDrive\Desktop\UQ Semester 4\DATA7902\code\data\raw_markdown\LM158 (1).md
2025-09-25 11:56:24,977 [INFO] [src.data_loader] - Loaded 1 documents from C:\Users\snehi\OneDrive\Desktop\UQ Semester 4\DATA7902\code\data\raw_markdown\LM158.md
2025-09-25 11:56:24,977 [INFO] [src.data_loader] - Split into 102 chunks for C:\Users\snehi\OneDrive\Desktop\UQ Semester 4\DATA7902\code\data\raw_markdown\LM158.md
2025-09-25 11:56:25,040 [INFO] [src.data_loader] - Loaded 1 documents from C:\Users\snehi\OneDrive\Desktop\UQ Semester 4\DATA7902\code\data\raw_markdown\LM317-TI.md
2025-09-25 11:56:25,040 [INFO] [src.data_loader] - Split into 14 chunks for C:\Users\snehi\OneDrive\Desktop\UQ Semester 4\DATA7902\code\data\raw_markdown\LM317-TI.md
2025-09-25 11:56:25,152 [INFO] [src.data_loader] - Loaded 1 documents from C:\Users\snehi\OneDrive\Desktop\UQ Semester 4\DATA7902\code\data\raw_markdown\LM340.md
2025-09-25 11:56:25,152 [INFO] [src.data_loader] - Split into 59 chunks for C:\Users\snehi\OneDrive\Desktop\UQ Semester 4\DATA7902\code\data\raw_markdown\LM340.md
2025-09-25 11:56:25,216 [INFO] [src.data_loader] - Loaded 1 documents from C:\Users\snehi\OneDrive\Desktop\UQ Semester 4\DATA7902\code\data\raw_markdown\LM35.md
2025-09-25 11:56:25,216 [INFO] [src.data_loader] - Split into 19 chunks for C:\Users\snehi\OneDrive\Desktop\UQ Semester 4\DATA7902\code\data\raw_markdown\LM35.md
2025-09-25 11:56:25,344 [INFO] [src.data_loader] - Loaded 1 documents from C:\Users\snehi\OneDrive\Desktop\UQ Semester 4\DATA7902\code\data\raw_markdown\MCHPS05594-1.md
2025-09-25 11:56:25,344 [INFO] [src.data_loader] - Split into 68 chunks for C:\Users\snehi\OneDrive\Desktop\UQ Semester 4\DATA7902\code\data\raw_markdown\MCHPS05594-1.md
2025-09-25 11:56:25,408 [INFO] [src.data_loader] - Loaded 1 documents from C:\Users\snehi\OneDrive\Desktop\UQ Semester 4\DATA7902\code\data\raw_markdown\MF-R.md
2025-09-25 11:56:25,408 [INFO] [src.data_loader] - Split into 20 chunks for C:\Users\snehi\OneDrive\Desktop\UQ Semester 4\DATA7902\code\data\raw_markdown\MF-R.md
2025-09-25 11:56:25,424 [INFO] [src.data_loader] - Loaded 1 documents from C:\Users\snehi\OneDrive\Desktop\UQ Semester 4\DATA7902\code\data\raw_markdown\Motor_Control.md
2025-09-25 11:56:25,424 [INFO] [src.data_loader] - Split into 1 chunks for C:\Users\snehi\OneDrive\Desktop\UQ Semester 4\DATA7902\code\data\raw_markdown\Motor_Control.md
2025-09-25 11:56:25,535 [INFO] [src.data_loader] - Loaded 1 documents from C:\Users\snehi\OneDrive\Desktop\UQ Semester 4\DATA7902\code\data\raw_markdown\NA555.md
2025-09-25 11:56:25,535 [INFO] [src.data_loader] - Split into 47 chunks for C:\Users\snehi\OneDrive\Desktop\UQ Semester 4\DATA7902\code\data\raw_markdown\NA555.md
2025-09-25 11:56:25,572 [INFO] [src.data_loader] - Loaded 1 documents from C:\Users\snehi\OneDrive\Desktop\UQ Semester 4\DATA7902\code\data\raw_markdown\NTCG104QH224HT1 (1).md
2025-09-25 11:56:25,572 [INFO] [src.data_loader] - Split into 2 chunks for C:\Users\snehi\OneDrive\Desktop\UQ Semester 4\DATA7902\code\data\raw_markdown\NTCG104QH224HT1 (1).md
2025-09-25 11:56:25,572 [INFO] [src.data_loader] - Loaded 1 documents from C:\Users\snehi\OneDrive\Desktop\UQ Semester 4\DATA7902\code\data\raw_markdown\NTCG104QH224HT1.md
2025-09-25 11:56:25,572 [INFO] [src.data_loader] - Split into 2 chunks for C:\Users\snehi\OneDrive\Desktop\UQ Semester 4\DATA7902\code\data\raw_markdown\NTCG104QH224HT1.md
2025-09-25 11:56:25,631 [INFO] [src.data_loader] - Loaded 1 documents from C:\Users\snehi\OneDrive\Desktop\UQ Semester 4\DATA7902\code\data\raw_markdown\PC817 (1).md
2025-09-25 11:56:25,631 [INFO] [src.data_loader] - Split into 11 chunks for C:\Users\snehi\OneDrive\Desktop\UQ Semester 4\DATA7902\code\data\raw_markdown\PC817 (1).md
2025-09-25 11:56:25,678 [INFO] [src.data_loader] - Loaded 1 documents from C:\Users\snehi\OneDrive\Desktop\UQ Semester 4\DATA7902\code\data\raw_markdown\PC817.md
2025-09-25 11:56:25,678 [INFO] [src.data_loader] - Split into 11 chunks for C:\Users\snehi\OneDrive\Desktop\UQ Semester 4\DATA7902\code\data\raw_markdown\PC817.md
2025-09-25 11:56:25,694 [INFO] [src.data_loader] - Loaded 1 documents from C:\Users\snehi\OneDrive\Desktop\UQ Semester 4\DATA7902\code\data\raw_markdown\Power Supply Guide.md
2025-09-25 11:56:25,694 [INFO] [src.data_loader] - Split into 1 chunks for C:\Users\snehi\OneDrive\Desktop\UQ Semester 4\DATA7902\code\data\raw_markdown\Power Supply Guide.md
2025-09-25 11:56:25,710 [INFO] [src.data_loader] - Loaded 1 documents from C:\Users\snehi\OneDrive\Desktop\UQ Semester 4\DATA7902\code\data\raw_markdown\relay_24v.md
2025-09-25 11:56:25,710 [INFO] [src.data_loader] - Split into 1 chunks for C:\Users\snehi\OneDrive\Desktop\UQ Semester 4\DATA7902\code\data\raw_markdown\relay_24v.md
2025-09-25 11:56:25,732 [INFO] [src.data_loader] - Loaded 1 documents from C:\Users\snehi\OneDrive\Desktop\UQ Semester 4\DATA7902\code\data\raw_markdown\Relay_Systems.md
2025-09-25 11:56:25,732 [INFO] [src.data_loader] - Split into 1 chunks for C:\Users\snehi\OneDrive\Desktop\UQ Semester 4\DATA7902\code\data\raw_markdown\Relay_Systems.md
2025-09-25 11:56:25,742 [INFO] [src.data_loader] - Loaded 1 documents from C:\Users\snehi\OneDrive\Desktop\UQ Semester 4\DATA7902\code\data\raw_markdown\resistor_10kohm.md
2025-09-25 11:56:25,742 [INFO] [src.data_loader] - Split into 1 chunks for C:\Users\snehi\OneDrive\Desktop\UQ Semester 4\DATA7902\code\data\raw_markdown\resistor_10kohm.md
2025-09-25 11:56:25,759 [INFO] [src.data_loader] - Loaded 1 documents from C:\Users\snehi\OneDrive\Desktop\UQ Semester 4\DATA7902\code\data\raw_markdown\sensor_hall.md
2025-09-25 11:56:25,759 [INFO] [src.data_loader] - Split into 1 chunks for C:\Users\snehi\OneDrive\Desktop\UQ Semester 4\DATA7902\code\data\raw_markdown\sensor_hall.md
2025-09-25 11:56:25,773 [INFO] [src.data_loader] - Loaded 1 documents from C:\Users\snehi\OneDrive\Desktop\UQ Semester 4\DATA7902\code\data\raw_markdown\sensor_integration.md
2025-09-25 11:56:25,773 [INFO] [src.data_loader] - Split into 1 chunks for C:\Users\snehi\OneDrive\Desktop\UQ Semester 4\DATA7902\code\data\raw_markdown\sensor_integration.md
2025-09-25 11:56:25,823 [INFO] [src.data_loader] - Loaded 1 documents from C:\Users\snehi\OneDrive\Desktop\UQ Semester 4\DATA7902\code\data\raw_markdown\SFH4550 (1).md
2025-09-25 11:56:25,823 [INFO] [src.data_loader] - Split into 9 chunks for C:\Users\snehi\OneDrive\Desktop\UQ Semester 4\DATA7902\code\data\raw_markdown\SFH4550 (1).md
2025-09-25 11:56:25,869 [INFO] [src.data_loader] - Loaded 1 documents from C:\Users\snehi\OneDrive\Desktop\UQ Semester 4\DATA7902\code\data\raw_markdown\SFH4550.md
2025-09-25 11:56:25,869 [INFO] [src.data_loader] - Split into 9 chunks for C:\Users\snehi\OneDrive\Desktop\UQ Semester 4\DATA7902\code\data\raw_markdown\SFH4550.md
2025-09-25 11:56:25,949 [INFO] [src.data_loader] - Loaded 1 documents from C:\Users\snehi\OneDrive\Desktop\UQ Semester 4\DATA7902\code\data\raw_markdown\SN54HC595.md
2025-09-25 11:56:25,949 [INFO] [src.data_loader] - Split into 15 chunks for C:\Users\snehi\OneDrive\Desktop\UQ Semester 4\DATA7902\code\data\raw_markdown\SN54HC595.md
2025-09-25 11:56:25,982 [INFO] [src.data_loader] - Loaded 1 documents from C:\Users\snehi\OneDrive\Desktop\UQ Semester 4\DATA7902\code\data\raw_markdown\SRN4018.md
2025-09-25 11:56:25,982 [INFO] [src.data_loader] - Split into 1 chunks for C:\Users\snehi\OneDrive\Desktop\UQ Semester 4\DATA7902\code\data\raw_markdown\SRN4018.md
2025-09-25 11:56:25,996 [INFO] [src.data_loader] - Loaded 1 documents from C:\Users\snehi\OneDrive\Desktop\UQ Semester 4\DATA7902\code\data\raw_markdown\switch_spst.md
2025-09-25 11:56:25,996 [INFO] [src.data_loader] - Split into 1 chunks for C:\Users\snehi\OneDrive\Desktop\UQ Semester 4\DATA7902\code\data\raw_markdown\switch_spst.md
2025-09-25 11:56:26,118 [INFO] [src.data_loader] - Loaded 1 documents from C:\Users\snehi\OneDrive\Desktop\UQ Semester 4\DATA7902\code\data\raw_markdown\TL071 (1).md
2025-09-25 11:56:26,118 [INFO] [src.data_loader] - Split into 53 chunks for C:\Users\snehi\OneDrive\Desktop\UQ Semester 4\DATA7902\code\data\raw_markdown\TL071 (1).md
2025-09-25 11:56:26,220 [INFO] [src.data_loader] - Loaded 1 documents from C:\Users\snehi\OneDrive\Desktop\UQ Semester 4\DATA7902\code\data\raw_markdown\TL071.md
2025-09-25 11:56:26,220 [INFO] [src.data_loader] - Split into 53 chunks for C:\Users\snehi\OneDrive\Desktop\UQ Semester 4\DATA7902\code\data\raw_markdown\TL071.md
2025-09-25 11:56:26,335 [INFO] [src.data_loader] - Loaded 1 documents from C:\Users\snehi\OneDrive\Desktop\UQ Semester 4\DATA7902\code\data\raw_markdown\TL431.md
2025-09-25 11:56:26,335 [INFO] [src.data_loader] - Split into 63 chunks for C:\Users\snehi\OneDrive\Desktop\UQ Semester 4\DATA7902\code\data\raw_markdown\TL431.md
2025-09-25 11:56:26,345 [INFO] [src.data_loader] - Loaded 1 documents from C:\Users\snehi\OneDrive\Desktop\UQ Semester 4\DATA7902\code\data\raw_markdown\Transformer_Specifications.md
2025-09-25 11:56:26,345 [INFO] [src.data_loader] - Split into 1 chunks for C:\Users\snehi\OneDrive\Desktop\UQ Semester 4\DATA7902\code\data\raw_markdown\Transformer_Specifications.md
2025-09-25 11:56:26,361 [INFO] [src.data_loader] - Loaded 1 documents from C:\Users\snehi\OneDrive\Desktop\UQ Semester 4\DATA7902\code\data\raw_markdown\transistor_npn.md
2025-09-25 11:56:26,361 [INFO] [src.data_loader] - Split into 1 chunks for C:\Users\snehi\OneDrive\Desktop\UQ Semester 4\DATA7902\code\data\raw_markdown\transistor_npn.md
2025-09-25 11:56:26,411 [INFO] [src.data_loader] - Loaded 1 documents from C:\Users\snehi\OneDrive\Desktop\UQ Semester 4\DATA7902\code\data\raw_markdown\TSOP38230.md
2025-09-25 11:56:26,411 [INFO] [src.data_loader] - Split into 12 chunks for C:\Users\snehi\OneDrive\Desktop\UQ Semester 4\DATA7902\code\data\raw_markdown\TSOP38230.md
2025-09-25 11:56:26,426 [INFO] [src.data_loader] - Loaded 1 documents from C:\Users\snehi\OneDrive\Desktop\UQ Semester 4\DATA7902\code\data\raw_markdown\voltage_regulation.md
2025-09-25 11:56:26,426 [INFO] [src.data_loader] - Split into 1 chunks for C:\Users\snehi\OneDrive\Desktop\UQ Semester 4\DATA7902\code\data\raw_markdown\voltage_regulation.md
2025-09-25 11:56:26,426 [INFO] [src.data_loader] - Total chunks loaded: 1029
2025-09-25 11:57:02,102 [WARNING] [src.config] - No OWL files found in C:\Users\snehi\OneDrive\Desktop\UQ Semester 4\DATA7902\code\data
2025-09-25 11:57:02,102 [INFO] [src.config] - Config loaded: OWL_FILE = None, found 0 OWL files
2025-09-25 11:57:02,906 [INFO] [src.data_loader] - Loading Markdown files from: C:\Users\snehi\OneDrive\Desktop\UQ Semester 4\DATA7902\code\data
2025-09-25 11:57:02,906 [INFO] [src.data_loader] - Available Markdown files: [WindowsPath('C:/Users/snehi/OneDrive/Desktop/UQ Semester 4/DATA7902/code/data/raw_markdown/.sample_component.md'), WindowsPath('C:/Users/snehi/OneDrive/Desktop/UQ Semester 4/DATA7902/code/data/raw_markdown/1859360.md'), WindowsPath('C:/Users/snehi/OneDrive/Desktop/UQ Semester 4/DATA7902/code/data/raw_markdown/1N4001.md'), WindowsPath('C:/Users/snehi/OneDrive/Desktop/UQ Semester 4/DATA7902/code/data/raw_markdown/1N4148.md'), WindowsPath('C:/Users/snehi/OneDrive/Desktop/UQ Semester 4/DATA7902/code/data/raw_markdown/2132444.md'), WindowsPath('C:/Users/snehi/OneDrive/Desktop/UQ Semester 4/DATA7902/code/data/raw_markdown/2450AT18A100.md'), WindowsPath('C:/Users/snehi/OneDrive/Desktop/UQ Semester 4/DATA7902/code/data/raw_markdown/2450AT43B100.md'), WindowsPath('C:/Users/snehi/OneDrive/Desktop/UQ Semester 4/DATA7902/code/data/raw_markdown/BLM18A.md'), WindowsPath('C:/Users/snehi/OneDrive/Desktop/UQ Semester 4/DATA7902/code/data/raw_markdown/BPW34 (1).md'), WindowsPath('C:/Users/snehi/OneDrive/Desktop/UQ Semester 4/DATA7902/code/data/raw_markdown/BPW34.md'), WindowsPath('C:/Users/snehi/OneDrive/Desktop/UQ Semester 4/DATA7902/code/data/raw_markdown/capacitor_100uf.md'), WindowsPath('C:/Users/snehi/OneDrive/Desktop/UQ Semester 4/DATA7902/code/data/raw_markdown/Capacitor_Applications.md'), WindowsPath('C:/Users/snehi/OneDrive/Desktop/UQ Semester 4/DATA7902/code/data/raw_markdown/Circuit_Design.md'), WindowsPath('C:/Users/snehi/OneDrive/Desktop/UQ Semester 4/DATA7902/code/data/raw_markdown/Connector_Types.md'), WindowsPath('C:/Users/snehi/OneDrive/Desktop/UQ Semester 4/DATA7902/code/data/raw_markdown/CRCW040216K2FKED.md'), WindowsPath('C:/Users/snehi/OneDrive/Desktop/UQ Semester 4/DATA7902/code/data/raw_markdown/diode_1n4148.md'), WindowsPath('C:/Users/snehi/OneDrive/Desktop/UQ Semester 4/DATA7902/code/data/raw_markdown/DS18B20.md'), WindowsPath('C:/Users/snehi/OneDrive/Desktop/UQ Semester 4/DATA7902/code/data/raw_markdown/FXUB66.01.0150C.md'), WindowsPath('C:/Users/snehi/OneDrive/Desktop/UQ Semester 4/DATA7902/code/data/raw_markdown/GRM188R71E105KA12D.md'), WindowsPath('C:/Users/snehi/OneDrive/Desktop/UQ Semester 4/DATA7902/code/data/raw_markdown/ic_opamp.md'), WindowsPath('C:/Users/snehi/OneDrive/Desktop/UQ Semester 4/DATA7902/code/data/raw_markdown/Inductor Design.md'), WindowsPath('C:/Users/snehi/OneDrive/Desktop/UQ Semester 4/DATA7902/code/data/raw_markdown/inductor_5mh.md'), WindowsPath('C:/Users/snehi/OneDrive/Desktop/UQ Semester 4/DATA7902/code/data/raw_markdown/IRLZ44N.md'), WindowsPath('C:/Users/snehi/OneDrive/Desktop/UQ Semester 4/DATA7902/code/data/raw_markdown/L-53SG.md'), WindowsPath('C:/Users/snehi/OneDrive/Desktop/UQ Semester 4/DATA7902/code/data/raw_markdown/led_5mm.md'), WindowsPath('C:/Users/snehi/OneDrive/Desktop/UQ Semester 4/DATA7902/code/data/raw_markdown/LM158 (1).md'), WindowsPath('C:/Users/snehi/OneDrive/Desktop/UQ Semester 4/DATA7902/code/data/raw_markdown/LM158.md'), WindowsPath('C:/Users/snehi/OneDrive/Desktop/UQ Semester 4/DATA7902/code/data/raw_markdown/LM317-TI.md'), WindowsPath('C:/Users/snehi/OneDrive/Desktop/UQ Semester 4/DATA7902/code/data/raw_markdown/LM340.md'), WindowsPath('C:/Users/snehi/OneDrive/Desktop/UQ Semester 4/DATA7902/code/data/raw_markdown/LM35.md'), WindowsPath('C:/Users/snehi/OneDrive/Desktop/UQ Semester 4/DATA7902/code/data/raw_markdown/MCHPS05594-1.md'), WindowsPath('C:/Users/snehi/OneDrive/Desktop/UQ Semester 4/DATA7902/code/data/raw_markdown/MF-R.md'), WindowsPath('C:/Users/snehi/OneDrive/Desktop/UQ Semester 4/DATA7902/code/data/raw_markdown/Motor_Control.md'), WindowsPath('C:/Users/snehi/OneDrive/Desktop/UQ Semester 4/DATA7902/code/data/raw_markdown/NA555.md'), WindowsPath('C:/Users/snehi/OneDrive/Desktop/UQ Semester 4/DATA7902/code/data/raw_markdown/NTCG104QH224HT1 (1).md'), WindowsPath('C:/Users/snehi/OneDrive/Desktop/UQ Semester 4/DATA7902/code/data/raw_markdown/NTCG104QH224HT1.md'), WindowsPath('C:/Users/snehi/OneDrive/Desktop/UQ Semester 4/DATA7902/code/data/raw_markdown/PC817 (1).md'), WindowsPath('C:/Users/snehi/OneDrive/Desktop/UQ Semester 4/DATA7902/code/data/raw_markdown/PC817.md'), WindowsPath('C:/Users/snehi/OneDrive/Desktop/UQ Semester 4/DATA7902/code/data/raw_markdown/Power Supply Guide.md'), WindowsPath('C:/Users/snehi/OneDrive/Desktop/UQ Semester 4/DATA7902/code/data/raw_markdown/relay_24v.md'), WindowsPath('C:/Users/snehi/OneDrive/Desktop/UQ Semester 4/DATA7902/code/data/raw_markdown/Relay_Systems.md'), WindowsPath('C:/Users/snehi/OneDrive/Desktop/UQ Semester 4/DATA7902/code/data/raw_markdown/resistor_10kohm.md'), WindowsPath('C:/Users/snehi/OneDrive/Desktop/UQ Semester 4/DATA7902/code/data/raw_markdown/sensor_hall.md'), WindowsPath('C:/Users/snehi/OneDrive/Desktop/UQ Semester 4/DATA7902/code/data/raw_markdown/sensor_integration.md'), WindowsPath('C:/Users/snehi/OneDrive/Desktop/UQ Semester 4/DATA7902/code/data/raw_markdown/SFH4550 (1).md'), WindowsPath('C:/Users/snehi/OneDrive/Desktop/UQ Semester 4/DATA7902/code/data/raw_markdown/SFH4550.md'), WindowsPath('C:/Users/snehi/OneDrive/Desktop/UQ Semester 4/DATA7902/code/data/raw_markdown/SN54HC595.md'), WindowsPath('C:/Users/snehi/OneDrive/Desktop/UQ Semester 4/DATA7902/code/data/raw_markdown/SRN4018.md'), WindowsPath('C:/Users/snehi/OneDrive/Desktop/UQ Semester 4/DATA7902/code/data/raw_markdown/switch_spst.md'), WindowsPath('C:/Users/snehi/OneDrive/Desktop/UQ Semester 4/DATA7902/code/data/raw_markdown/TL071 (1).md'), WindowsPath('C:/Users/snehi/OneDrive/Desktop/UQ Semester 4/DATA7902/code/data/raw_markdown/TL071.md'), WindowsPath('C:/Users/snehi/OneDrive/Desktop/UQ Semester 4/DATA7902/code/data/raw_markdown/TL431.md'), WindowsPath('C:/Users/snehi/OneDrive/Desktop/UQ Semester 4/DATA7902/code/data/raw_markdown/Transformer_Specifications.md'), WindowsPath('C:/Users/snehi/OneDrive/Desktop/UQ Semester 4/DATA7902/code/data/raw_markdown/transistor_npn.md'), WindowsPath('C:/Users/snehi/OneDrive/Desktop/UQ Semester 4/DATA7902/code/data/raw_markdown/TSOP38230.md'), WindowsPath('C:/Users/snehi/OneDrive/Desktop/UQ Semester 4/DATA7902/code/data/raw_markdown/voltage_regulation.md')]
2025-09-25 11:57:04,987 [INFO] [src.data_loader] - Loaded 1 documents from C:\Users\snehi\OneDrive\Desktop\UQ Semester 4\DATA7902\code\data\raw_markdown\.sample_component.md
2025-09-25 11:57:04,987 [INFO] [src.data_loader] - Split into 2 chunks for C:\Users\snehi\OneDrive\Desktop\UQ Semester 4\DATA7902\code\data\raw_markdown\.sample_component.md
2025-09-25 11:57:05,401 [INFO] [src.data_loader] - Loaded 1 documents from C:\Users\snehi\OneDrive\Desktop\UQ Semester 4\DATA7902\code\data\raw_markdown\1859360.md
2025-09-25 11:57:05,401 [INFO] [src.data_loader] - Split into 186 chunks for C:\Users\snehi\OneDrive\Desktop\UQ Semester 4\DATA7902\code\data\raw_markdown\1859360.md
2025-09-25 11:57:05,433 [INFO] [src.data_loader] - Loaded 1 documents from C:\Users\snehi\OneDrive\Desktop\UQ Semester 4\DATA7902\code\data\raw_markdown\1N4001.md
2025-09-25 11:57:05,433 [INFO] [src.data_loader] - Split into 8 chunks for C:\Users\snehi\OneDrive\Desktop\UQ Semester 4\DATA7902\code\data\raw_markdown\1N4001.md
2025-09-25 11:57:05,451 [INFO] [src.data_loader] - Loaded 1 documents from C:\Users\snehi\OneDrive\Desktop\UQ Semester 4\DATA7902\code\data\raw_markdown\1N4148.md
2025-09-25 11:57:05,451 [INFO] [src.data_loader] - Split into 5 chunks for C:\Users\snehi\OneDrive\Desktop\UQ Semester 4\DATA7902\code\data\raw_markdown\1N4148.md
2025-09-25 11:57:05,465 [INFO] [src.data_loader] - Loaded 1 documents from C:\Users\snehi\OneDrive\Desktop\UQ Semester 4\DATA7902\code\data\raw_markdown\2132444.md
2025-09-25 11:57:05,465 [INFO] [src.data_loader] - Split into 3 chunks for C:\Users\snehi\OneDrive\Desktop\UQ Semester 4\DATA7902\code\data\raw_markdown\2132444.md
2025-09-25 11:57:05,481 [INFO] [src.data_loader] - Loaded 1 documents from C:\Users\snehi\OneDrive\Desktop\UQ Semester 4\DATA7902\code\data\raw_markdown\2450AT18A100.md
2025-09-25 11:57:05,481 [INFO] [src.data_loader] - Split into 3 chunks for C:\Users\snehi\OneDrive\Desktop\UQ Semester 4\DATA7902\code\data\raw_markdown\2450AT18A100.md
2025-09-25 11:57:05,497 [INFO] [src.data_loader] - Loaded 1 documents from C:\Users\snehi\OneDrive\Desktop\UQ Semester 4\DATA7902\code\data\raw_markdown\2450AT43B100.md
2025-09-25 11:57:05,497 [INFO] [src.data_loader] - Split into 3 chunks for C:\Users\snehi\OneDrive\Desktop\UQ Semester 4\DATA7902\code\data\raw_markdown\2450AT43B100.md
2025-09-25 11:57:05,513 [INFO] [src.data_loader] - Loaded 1 documents from C:\Users\snehi\OneDrive\Desktop\UQ Semester 4\DATA7902\code\data\raw_markdown\BLM18A.md
2025-09-25 11:57:05,513 [INFO] [src.data_loader] - Split into 4 chunks for C:\Users\snehi\OneDrive\Desktop\UQ Semester 4\DATA7902\code\data\raw_markdown\BLM18A.md
2025-09-25 11:57:05,578 [INFO] [src.data_loader] - Loaded 1 documents from C:\Users\snehi\OneDrive\Desktop\UQ Semester 4\DATA7902\code\data\raw_markdown\BPW34 (1).md
2025-09-25 11:57:05,578 [INFO] [src.data_loader] - Split into 4 chunks for C:\Users\snehi\OneDrive\Desktop\UQ Semester 4\DATA7902\code\data\raw_markdown\BPW34 (1).md
2025-09-25 11:57:05,689 [INFO] [src.data_loader] - Loaded 1 documents from C:\Users\snehi\OneDrive\Desktop\UQ Semester 4\DATA7902\code\data\raw_markdown\BPW34.md
2025-09-25 11:57:05,689 [INFO] [src.data_loader] - Split into 7 chunks for C:\Users\snehi\OneDrive\Desktop\UQ Semester 4\DATA7902\code\data\raw_markdown\BPW34.md
2025-09-25 11:57:05,709 [INFO] [src.data_loader] - Loaded 1 documents from C:\Users\snehi\OneDrive\Desktop\UQ Semester 4\DATA7902\code\data\raw_markdown\capacitor_100uf.md
2025-09-25 11:57:05,709 [INFO] [src.data_loader] - Split into 1 chunks for C:\Users\snehi\OneDrive\Desktop\UQ Semester 4\DATA7902\code\data\raw_markdown\capacitor_100uf.md
2025-09-25 11:57:05,709 [INFO] [src.data_loader] - Loaded 1 documents from C:\Users\snehi\OneDrive\Desktop\UQ Semester 4\DATA7902\code\data\raw_markdown\Capacitor_Applications.md
2025-09-25 11:57:05,709 [INFO] [src.data_loader] - Split into 1 chunks for C:\Users\snehi\OneDrive\Desktop\UQ Semester 4\DATA7902\code\data\raw_markdown\Capacitor_Applications.md
2025-09-25 11:57:05,709 [INFO] [src.data_loader] - Loaded 1 documents from C:\Users\snehi\OneDrive\Desktop\UQ Semester 4\DATA7902\code\data\raw_markdown\Circuit_Design.md
2025-09-25 11:57:05,721 [INFO] [src.data_loader] - Split into 1 chunks for C:\Users\snehi\OneDrive\Desktop\UQ Semester 4\DATA7902\code\data\raw_markdown\Circuit_Design.md
2025-09-25 11:57:05,725 [INFO] [src.data_loader] - Loaded 1 documents from C:\Users\snehi\OneDrive\Desktop\UQ Semester 4\DATA7902\code\data\raw_markdown\Connector_Types.md
2025-09-25 11:57:05,725 [INFO] [src.data_loader] - Split into 1 chunks for C:\Users\snehi\OneDrive\Desktop\UQ Semester 4\DATA7902\code\data\raw_markdown\Connector_Types.md
2025-09-25 11:57:05,774 [INFO] [src.data_loader] - Loaded 1 documents from C:\Users\snehi\OneDrive\Desktop\UQ Semester 4\DATA7902\code\data\raw_markdown\CRCW040216K2FKED.md
2025-09-25 11:57:05,774 [INFO] [src.data_loader] - Split into 20 chunks for C:\Users\snehi\OneDrive\Desktop\UQ Semester 4\DATA7902\code\data\raw_markdown\CRCW040216K2FKED.md
2025-09-25 11:57:05,774 [INFO] [src.data_loader] - Loaded 1 documents from C:\Users\snehi\OneDrive\Desktop\UQ Semester 4\DATA7902\code\data\raw_markdown\diode_1n4148.md
2025-09-25 11:57:05,774 [INFO] [src.data_loader] - Split into 1 chunks for C:\Users\snehi\OneDrive\Desktop\UQ Semester 4\DATA7902\code\data\raw_markdown\diode_1n4148.md
2025-09-25 11:57:05,837 [INFO] [src.data_loader] - Loaded 1 documents from C:\Users\snehi\OneDrive\Desktop\UQ Semester 4\DATA7902\code\data\raw_markdown\DS18B20.md
2025-09-25 11:57:05,837 [INFO] [src.data_loader] - Split into 49 chunks for C:\Users\snehi\OneDrive\Desktop\UQ Semester 4\DATA7902\code\data\raw_markdown\DS18B20.md
2025-09-25 11:57:05,848 [INFO] [src.data_loader] - Loaded 1 documents from C:\Users\snehi\OneDrive\Desktop\UQ Semester 4\DATA7902\code\data\raw_markdown\FXUB66.01.0150C.md
2025-09-25 11:57:05,848 [INFO] [src.data_loader] - Split into 7 chunks for C:\Users\snehi\OneDrive\Desktop\UQ Semester 4\DATA7902\code\data\raw_markdown\FXUB66.01.0150C.md
2025-09-25 11:57:05,923 [INFO] [src.data_loader] - Loaded 1 documents from C:\Users\snehi\OneDrive\Desktop\UQ Semester 4\DATA7902\code\data\raw_markdown\GRM188R71E105KA12D.md
2025-09-25 11:57:05,923 [INFO] [src.data_loader] - Split into 24 chunks for C:\Users\snehi\OneDrive\Desktop\UQ Semester 4\DATA7902\code\data\raw_markdown\GRM188R71E105KA12D.md
2025-09-25 11:57:05,927 [INFO] [src.data_loader] - Loaded 1 documents from C:\Users\snehi\OneDrive\Desktop\UQ Semester 4\DATA7902\code\data\raw_markdown\ic_opamp.md
2025-09-25 11:57:05,927 [INFO] [src.data_loader] - Split into 1 chunks for C:\Users\snehi\OneDrive\Desktop\UQ Semester 4\DATA7902\code\data\raw_markdown\ic_opamp.md
2025-09-25 11:57:05,927 [INFO] [src.data_loader] - Loaded 1 documents from C:\Users\snehi\OneDrive\Desktop\UQ Semester 4\DATA7902\code\data\raw_markdown\Inductor Design.md
2025-09-25 11:57:05,927 [INFO] [src.data_loader] - Split into 1 chunks for C:\Users\snehi\OneDrive\Desktop\UQ Semester 4\DATA7902\code\data\raw_markdown\Inductor Design.md
2025-09-25 11:57:05,927 [INFO] [src.data_loader] - Loaded 1 documents from C:\Users\snehi\OneDrive\Desktop\UQ Semester 4\DATA7902\code\data\raw_markdown\inductor_5mh.md
2025-09-25 11:57:05,927 [INFO] [src.data_loader] - Split into 1 chunks for C:\Users\snehi\OneDrive\Desktop\UQ Semester 4\DATA7902\code\data\raw_markdown\inductor_5mh.md
2025-09-25 11:57:05,960 [INFO] [src.data_loader] - Loaded 1 documents from C:\Users\snehi\OneDrive\Desktop\UQ Semester 4\DATA7902\code\data\raw_markdown\IRLZ44N.md
2025-09-25 11:57:05,960 [INFO] [src.data_loader] - Split into 9 chunks for C:\Users\snehi\OneDrive\Desktop\UQ Semester 4\DATA7902\code\data\raw_markdown\IRLZ44N.md
2025-09-25 11:57:05,974 [INFO] [src.data_loader] - Loaded 1 documents from C:\Users\snehi\OneDrive\Desktop\UQ Semester 4\DATA7902\code\data\raw_markdown\L-53SG.md
2025-09-25 11:57:05,974 [INFO] [src.data_loader] - Split into 3 chunks for C:\Users\snehi\OneDrive\Desktop\UQ Semester 4\DATA7902\code\data\raw_markdown\L-53SG.md
2025-09-25 11:57:05,990 [INFO] [src.data_loader] - Loaded 1 documents from C:\Users\snehi\OneDrive\Desktop\UQ Semester 4\DATA7902\code\data\raw_markdown\led_5mm.md
2025-09-25 11:57:05,990 [INFO] [src.data_loader] - Split into 1 chunks for C:\Users\snehi\OneDrive\Desktop\UQ Semester 4\DATA7902\code\data\raw_markdown\led_5mm.md
2025-09-25 11:57:06,165 [INFO] [src.data_loader] - Loaded 1 documents from C:\Users\snehi\OneDrive\Desktop\UQ Semester 4\DATA7902\code\data\raw_markdown\LM158 (1).md
2025-09-25 11:57:06,165 [INFO] [src.data_loader] - Split into 102 chunks for C:\Users\snehi\OneDrive\Desktop\UQ Semester 4\DATA7902\code\data\raw_markdown\LM158 (1).md
2025-09-25 11:57:06,340 [INFO] [src.data_loader] - Loaded 1 documents from C:\Users\snehi\OneDrive\Desktop\UQ Semester 4\DATA7902\code\data\raw_markdown\LM158.md
2025-09-25 11:57:06,348 [INFO] [src.data_loader] - Split into 102 chunks for C:\Users\snehi\OneDrive\Desktop\UQ Semester 4\DATA7902\code\data\raw_markdown\LM158.md
2025-09-25 11:57:06,372 [INFO] [src.data_loader] - Loaded 1 documents from C:\Users\snehi\OneDrive\Desktop\UQ Semester 4\DATA7902\code\data\raw_markdown\LM317-TI.md
2025-09-25 11:57:06,372 [INFO] [src.data_loader] - Split into 14 chunks for C:\Users\snehi\OneDrive\Desktop\UQ Semester 4\DATA7902\code\data\raw_markdown\LM317-TI.md
2025-09-25 11:57:06,468 [INFO] [src.data_loader] - Loaded 1 documents from C:\Users\snehi\OneDrive\Desktop\UQ Semester 4\DATA7902\code\data\raw_markdown\LM340.md
2025-09-25 11:57:06,468 [INFO] [src.data_loader] - Split into 59 chunks for C:\Users\snehi\OneDrive\Desktop\UQ Semester 4\DATA7902\code\data\raw_markdown\LM340.md
2025-09-25 11:57:06,516 [INFO] [src.data_loader] - Loaded 1 documents from C:\Users\snehi\OneDrive\Desktop\UQ Semester 4\DATA7902\code\data\raw_markdown\LM35.md
2025-09-25 11:57:06,516 [INFO] [src.data_loader] - Split into 19 chunks for C:\Users\snehi\OneDrive\Desktop\UQ Semester 4\DATA7902\code\data\raw_markdown\LM35.md
2025-09-25 11:57:06,628 [INFO] [src.data_loader] - Loaded 1 documents from C:\Users\snehi\OneDrive\Desktop\UQ Semester 4\DATA7902\code\data\raw_markdown\MCHPS05594-1.md
2025-09-25 11:57:06,628 [INFO] [src.data_loader] - Split into 68 chunks for C:\Users\snehi\OneDrive\Desktop\UQ Semester 4\DATA7902\code\data\raw_markdown\MCHPS05594-1.md
2025-09-25 11:57:06,675 [INFO] [src.data_loader] - Loaded 1 documents from C:\Users\snehi\OneDrive\Desktop\UQ Semester 4\DATA7902\code\data\raw_markdown\MF-R.md
2025-09-25 11:57:06,675 [INFO] [src.data_loader] - Split into 20 chunks for C:\Users\snehi\OneDrive\Desktop\UQ Semester 4\DATA7902\code\data\raw_markdown\MF-R.md
2025-09-25 11:57:06,675 [INFO] [src.data_loader] - Loaded 1 documents from C:\Users\snehi\OneDrive\Desktop\UQ Semester 4\DATA7902\code\data\raw_markdown\Motor_Control.md
2025-09-25 11:57:06,675 [INFO] [src.data_loader] - Split into 1 chunks for C:\Users\snehi\OneDrive\Desktop\UQ Semester 4\DATA7902\code\data\raw_markdown\Motor_Control.md
2025-09-25 11:57:06,772 [INFO] [src.data_loader] - Loaded 1 documents from C:\Users\snehi\OneDrive\Desktop\UQ Semester 4\DATA7902\code\data\raw_markdown\NA555.md
2025-09-25 11:57:06,772 [INFO] [src.data_loader] - Split into 47 chunks for C:\Users\snehi\OneDrive\Desktop\UQ Semester 4\DATA7902\code\data\raw_markdown\NA555.md
2025-09-25 11:57:06,788 [INFO] [src.data_loader] - Loaded 1 documents from C:\Users\snehi\OneDrive\Desktop\UQ Semester 4\DATA7902\code\data\raw_markdown\NTCG104QH224HT1 (1).md
2025-09-25 11:57:06,788 [INFO] [src.data_loader] - Split into 2 chunks for C:\Users\snehi\OneDrive\Desktop\UQ Semester 4\DATA7902\code\data\raw_markdown\NTCG104QH224HT1 (1).md
2025-09-25 11:57:06,788 [INFO] [src.data_loader] - Loaded 1 documents from C:\Users\snehi\OneDrive\Desktop\UQ Semester 4\DATA7902\code\data\raw_markdown\NTCG104QH224HT1.md
2025-09-25 11:57:06,788 [INFO] [src.data_loader] - Split into 2 chunks for C:\Users\snehi\OneDrive\Desktop\UQ Semester 4\DATA7902\code\data\raw_markdown\NTCG104QH224HT1.md
2025-09-25 11:57:06,820 [INFO] [src.data_loader] - Loaded 1 documents from C:\Users\snehi\OneDrive\Desktop\UQ Semester 4\DATA7902\code\data\raw_markdown\PC817 (1).md
2025-09-25 11:57:06,820 [INFO] [src.data_loader] - Split into 11 chunks for C:\Users\snehi\OneDrive\Desktop\UQ Semester 4\DATA7902\code\data\raw_markdown\PC817 (1).md
2025-09-25 11:57:06,852 [INFO] [src.data_loader] - Loaded 1 documents from C:\Users\snehi\OneDrive\Desktop\UQ Semester 4\DATA7902\code\data\raw_markdown\PC817.md
2025-09-25 11:57:06,852 [INFO] [src.data_loader] - Split into 11 chunks for C:\Users\snehi\OneDrive\Desktop\UQ Semester 4\DATA7902\code\data\raw_markdown\PC817.md
2025-09-25 11:57:06,852 [INFO] [src.data_loader] - Loaded 1 documents from C:\Users\snehi\OneDrive\Desktop\UQ Semester 4\DATA7902\code\data\raw_markdown\Power Supply Guide.md
2025-09-25 11:57:06,852 [INFO] [src.data_loader] - Split into 1 chunks for C:\Users\snehi\OneDrive\Desktop\UQ Semester 4\DATA7902\code\data\raw_markdown\Power Supply Guide.md
2025-09-25 11:57:06,867 [INFO] [src.data_loader] - Loaded 1 documents from C:\Users\snehi\OneDrive\Desktop\UQ Semester 4\DATA7902\code\data\raw_markdown\relay_24v.md
2025-09-25 11:57:06,867 [INFO] [src.data_loader] - Split into 1 chunks for C:\Users\snehi\OneDrive\Desktop\UQ Semester 4\DATA7902\code\data\raw_markdown\relay_24v.md
2025-09-25 11:57:06,867 [INFO] [src.data_loader] - Loaded 1 documents from C:\Users\snehi\OneDrive\Desktop\UQ Semester 4\DATA7902\code\data\raw_markdown\Relay_Systems.md
2025-09-25 11:57:06,867 [INFO] [src.data_loader] - Split into 1 chunks for C:\Users\snehi\OneDrive\Desktop\UQ Semester 4\DATA7902\code\data\raw_markdown\Relay_Systems.md
2025-09-25 11:57:06,876 [INFO] [src.data_loader] - Loaded 1 documents from C:\Users\snehi\OneDrive\Desktop\UQ Semester 4\DATA7902\code\data\raw_markdown\resistor_10kohm.md
2025-09-25 11:57:06,876 [INFO] [src.data_loader] - Split into 1 chunks for C:\Users\snehi\OneDrive\Desktop\UQ Semester 4\DATA7902\code\data\raw_markdown\resistor_10kohm.md
2025-09-25 11:57:06,880 [INFO] [src.data_loader] - Loaded 1 documents from C:\Users\snehi\OneDrive\Desktop\UQ Semester 4\DATA7902\code\data\raw_markdown\sensor_hall.md
2025-09-25 11:57:06,880 [INFO] [src.data_loader] - Split into 1 chunks for C:\Users\snehi\OneDrive\Desktop\UQ Semester 4\DATA7902\code\data\raw_markdown\sensor_hall.md
2025-09-25 11:57:06,886 [INFO] [src.data_loader] - Loaded 1 documents from C:\Users\snehi\OneDrive\Desktop\UQ Semester 4\DATA7902\code\data\raw_markdown\sensor_integration.md
2025-09-25 11:57:06,886 [INFO] [src.data_loader] - Split into 1 chunks for C:\Users\snehi\OneDrive\Desktop\UQ Semester 4\DATA7902\code\data\raw_markdown\sensor_integration.md
2025-09-25 11:57:06,899 [INFO] [src.data_loader] - Loaded 1 documents from C:\Users\snehi\OneDrive\Desktop\UQ Semester 4\DATA7902\code\data\raw_markdown\SFH4550 (1).md
2025-09-25 11:57:06,899 [INFO] [src.data_loader] - Split into 9 chunks for C:\Users\snehi\OneDrive\Desktop\UQ Semester 4\DATA7902\code\data\raw_markdown\SFH4550 (1).md
2025-09-25 11:57:06,930 [INFO] [src.data_loader] - Loaded 1 documents from C:\Users\snehi\OneDrive\Desktop\UQ Semester 4\DATA7902\code\data\raw_markdown\SFH4550.md
2025-09-25 11:57:06,930 [INFO] [src.data_loader] - Split into 9 chunks for C:\Users\snehi\OneDrive\Desktop\UQ Semester 4\DATA7902\code\data\raw_markdown\SFH4550.md
2025-09-25 11:57:06,978 [INFO] [src.data_loader] - Loaded 1 documents from C:\Users\snehi\OneDrive\Desktop\UQ Semester 4\DATA7902\code\data\raw_markdown\SN54HC595.md
2025-09-25 11:57:06,978 [INFO] [src.data_loader] - Split into 15 chunks for C:\Users\snehi\OneDrive\Desktop\UQ Semester 4\DATA7902\code\data\raw_markdown\SN54HC595.md
2025-09-25 11:57:06,986 [INFO] [src.data_loader] - Loaded 1 documents from C:\Users\snehi\OneDrive\Desktop\UQ Semester 4\DATA7902\code\data\raw_markdown\SRN4018.md
2025-09-25 11:57:06,986 [INFO] [src.data_loader] - Split into 1 chunks for C:\Users\snehi\OneDrive\Desktop\UQ Semester 4\DATA7902\code\data\raw_markdown\SRN4018.md
2025-09-25 11:57:06,991 [INFO] [src.data_loader] - Loaded 1 documents from C:\Users\snehi\OneDrive\Desktop\UQ Semester 4\DATA7902\code\data\raw_markdown\switch_spst.md
2025-09-25 11:57:06,991 [INFO] [src.data_loader] - Split into 1 chunks for C:\Users\snehi\OneDrive\Desktop\UQ Semester 4\DATA7902\code\data\raw_markdown\switch_spst.md
2025-09-25 11:57:07,074 [INFO] [src.data_loader] - Loaded 1 documents from C:\Users\snehi\OneDrive\Desktop\UQ Semester 4\DATA7902\code\data\raw_markdown\TL071 (1).md
2025-09-25 11:57:07,074 [INFO] [src.data_loader] - Split into 53 chunks for C:\Users\snehi\OneDrive\Desktop\UQ Semester 4\DATA7902\code\data\raw_markdown\TL071 (1).md
2025-09-25 11:57:07,153 [INFO] [src.data_loader] - Loaded 1 documents from C:\Users\snehi\OneDrive\Desktop\UQ Semester 4\DATA7902\code\data\raw_markdown\TL071.md
2025-09-25 11:57:07,153 [INFO] [src.data_loader] - Split into 53 chunks for C:\Users\snehi\OneDrive\Desktop\UQ Semester 4\DATA7902\code\data\raw_markdown\TL071.md
2025-09-25 11:57:07,249 [INFO] [src.data_loader] - Loaded 1 documents from C:\Users\snehi\OneDrive\Desktop\UQ Semester 4\DATA7902\code\data\raw_markdown\TL431.md
2025-09-25 11:57:07,249 [INFO] [src.data_loader] - Split into 63 chunks for C:\Users\snehi\OneDrive\Desktop\UQ Semester 4\DATA7902\code\data\raw_markdown\TL431.md
2025-09-25 11:57:07,258 [INFO] [src.data_loader] - Loaded 1 documents from C:\Users\snehi\OneDrive\Desktop\UQ Semester 4\DATA7902\code\data\raw_markdown\Transformer_Specifications.md
2025-09-25 11:57:07,258 [INFO] [src.data_loader] - Split into 1 chunks for C:\Users\snehi\OneDrive\Desktop\UQ Semester 4\DATA7902\code\data\raw_markdown\Transformer_Specifications.md
2025-09-25 11:57:07,264 [INFO] [src.data_loader] - Loaded 1 documents from C:\Users\snehi\OneDrive\Desktop\UQ Semester 4\DATA7902\code\data\raw_markdown\transistor_npn.md
2025-09-25 11:57:07,264 [INFO] [src.data_loader] - Split into 1 chunks for C:\Users\snehi\OneDrive\Desktop\UQ Semester 4\DATA7902\code\data\raw_markdown\transistor_npn.md
2025-09-25 11:57:07,298 [INFO] [src.data_loader] - Loaded 1 documents from C:\Users\snehi\OneDrive\Desktop\UQ Semester 4\DATA7902\code\data\raw_markdown\TSOP38230.md
2025-09-25 11:57:07,298 [INFO] [src.data_loader] - Split into 12 chunks for C:\Users\snehi\OneDrive\Desktop\UQ Semester 4\DATA7902\code\data\raw_markdown\TSOP38230.md
2025-09-25 11:57:07,298 [INFO] [src.data_loader] - Loaded 1 documents from C:\Users\snehi\OneDrive\Desktop\UQ Semester 4\DATA7902\code\data\raw_markdown\voltage_regulation.md
2025-09-25 11:57:07,298 [INFO] [src.data_loader] - Split into 1 chunks for C:\Users\snehi\OneDrive\Desktop\UQ Semester 4\DATA7902\code\data\raw_markdown\voltage_regulation.md
2025-09-25 11:57:07,298 [INFO] [src.data_loader] - Total chunks loaded: 1029
